{"C:\\IITC\\API_Auto_Unit_Integ_Testing\\server.js": {"path":"C:\\IITC\\API_Auto_Unit_Integ_Testing\\server.js","statementMap":{"0":{"start":{"line":1,"column":16},"end":{"line":1,"column":34}},"1":{"start":{"line":2,"column":12},"end":{"line":2,"column":28}},"2":{"start":{"line":3,"column":14},"end":{"line":3,"column":30}},"3":{"start":{"line":4,"column":0},"end":{"line":4,"column":27}},"4":{"start":{"line":6,"column":12},"end":{"line":6,"column":21}},"5":{"start":{"line":7,"column":13},"end":{"line":7,"column":17}},"6":{"start":{"line":10,"column":0},"end":{"line":22,"column":3}},"7":{"start":{"line":11,"column":2},"end":{"line":21,"column":3}},"8":{"start":{"line":12,"column":21},"end":{"line":12,"column":73}},"9":{"start":{"line":14,"column":4},"end":{"line":17,"column":7}},"10":{"start":{"line":19,"column":4},"end":{"line":19,"column":36}},"11":{"start":{"line":20,"column":4},"end":{"line":20,"column":41}},"12":{"start":{"line":25,"column":0},"end":{"line":56,"column":3}},"13":{"start":{"line":26,"column":2},"end":{"line":55,"column":3}},"14":{"start":{"line":27,"column":22},"end":{"line":27,"column":35}},"15":{"start":{"line":28,"column":21},"end":{"line":30,"column":5}},"16":{"start":{"line":32,"column":4},"end":{"line":51,"column":5}},"17":{"start":{"line":33,"column":6},"end":{"line":41,"column":9}},"18":{"start":{"line":43,"column":6},"end":{"line":50,"column":9}},"19":{"start":{"line":53,"column":4},"end":{"line":53,"column":36}},"20":{"start":{"line":54,"column":4},"end":{"line":54,"column":41}},"21":{"start":{"line":59,"column":0},"end":{"line":73,"column":3}},"22":{"start":{"line":60,"column":2},"end":{"line":72,"column":3}},"23":{"start":{"line":62,"column":21},"end":{"line":62,"column":70}},"24":{"start":{"line":65,"column":4},"end":{"line":68,"column":7}},"25":{"start":{"line":70,"column":4},"end":{"line":70,"column":36}},"26":{"start":{"line":71,"column":4},"end":{"line":71,"column":41}},"27":{"start":{"line":75,"column":0},"end":{"line":104,"column":3}},"28":{"start":{"line":76,"column":2},"end":{"line":103,"column":3}},"29":{"start":{"line":77,"column":19},"end":{"line":77,"column":32}},"30":{"start":{"line":80,"column":28},"end":{"line":87,"column":5}},"31":{"start":{"line":90,"column":21},"end":{"line":93,"column":5}},"32":{"start":{"line":96,"column":4},"end":{"line":99,"column":7}},"33":{"start":{"line":101,"column":4},"end":{"line":101,"column":36}},"34":{"start":{"line":102,"column":4},"end":{"line":102,"column":41}},"35":{"start":{"line":106,"column":0},"end":{"line":142,"column":3}},"36":{"start":{"line":107,"column":2},"end":{"line":141,"column":3}},"37":{"start":{"line":108,"column":19},"end":{"line":108,"column":32}},"38":{"start":{"line":111,"column":44},"end":{"line":111,"column":52}},"39":{"start":{"line":113,"column":4},"end":{"line":113,"column":61}},"40":{"start":{"line":114,"column":4},"end":{"line":114,"column":65}},"41":{"start":{"line":117,"column":28},"end":{"line":121,"column":5}},"42":{"start":{"line":123,"column":4},"end":{"line":123,"column":55}},"43":{"start":{"line":126,"column":21},"end":{"line":129,"column":5}},"44":{"start":{"line":131,"column":4},"end":{"line":131,"column":53}},"45":{"start":{"line":134,"column":4},"end":{"line":137,"column":7}},"46":{"start":{"line":139,"column":4},"end":{"line":139,"column":36}},"47":{"start":{"line":140,"column":4},"end":{"line":140,"column":41}},"48":{"start":{"line":146,"column":0},"end":{"line":175,"column":3}},"49":{"start":{"line":147,"column":2},"end":{"line":174,"column":3}},"50":{"start":{"line":148,"column":18},"end":{"line":148,"column":52}},"51":{"start":{"line":149,"column":18},"end":{"line":149,"column":40}},"52":{"start":{"line":150,"column":24},"end":{"line":150,"column":70}},"53":{"start":{"line":151,"column":18},"end":{"line":151,"column":60}},"54":{"start":{"line":152,"column":21},"end":{"line":152,"column":61}},"55":{"start":{"line":154,"column":18},"end":{"line":157,"column":5}},"56":{"start":{"line":158,"column":17},"end":{"line":164,"column":5}},"57":{"start":{"line":165,"column":21},"end":{"line":169,"column":5}},"58":{"start":{"line":170,"column":4},"end":{"line":170,"column":28}},"59":{"start":{"line":172,"column":4},"end":{"line":172,"column":39}},"60":{"start":{"line":173,"column":4},"end":{"line":173,"column":41}},"61":{"start":{"line":178,"column":0},"end":{"line":180,"column":3}},"62":{"start":{"line":179,"column":2},"end":{"line":179,"column":63}},"63":{"start":{"line":182,"column":0},"end":{"line":182,"column":21}}},"fnMap":{"0":{"name":"(anonymous_0)","decl":{"start":{"line":10,"column":21},"end":{"line":10,"column":22}},"loc":{"start":{"line":10,"column":41},"end":{"line":22,"column":1}},"line":10},"1":{"name":"(anonymous_1)","decl":{"start":{"line":25,"column":25},"end":{"line":25,"column":26}},"loc":{"start":{"line":25,"column":45},"end":{"line":56,"column":1}},"line":25},"2":{"name":"(anonymous_2)","decl":{"start":{"line":59,"column":18},"end":{"line":59,"column":19}},"loc":{"start":{"line":59,"column":38},"end":{"line":73,"column":1}},"line":59},"3":{"name":"(anonymous_3)","decl":{"start":{"line":75,"column":22},"end":{"line":75,"column":23}},"loc":{"start":{"line":75,"column":42},"end":{"line":104,"column":1}},"line":75},"4":{"name":"(anonymous_4)","decl":{"start":{"line":106,"column":29},"end":{"line":106,"column":30}},"loc":{"start":{"line":106,"column":49},"end":{"line":142,"column":1}},"line":106},"5":{"name":"(anonymous_5)","decl":{"start":{"line":146,"column":16},"end":{"line":146,"column":17}},"loc":{"start":{"line":146,"column":36},"end":{"line":175,"column":1}},"line":146},"6":{"name":"(anonymous_6)","decl":{"start":{"line":178,"column":17},"end":{"line":178,"column":18}},"loc":{"start":{"line":178,"column":23},"end":{"line":180,"column":1}},"line":178}},"branchMap":{"0":{"loc":{"start":{"line":32,"column":4},"end":{"line":51,"column":5}},"type":"if","locations":[{"start":{"line":32,"column":4},"end":{"line":51,"column":5}},{"start":{"line":42,"column":11},"end":{"line":51,"column":5}}],"line":32},"1":{"loc":{"start":{"line":148,"column":18},"end":{"line":148,"column":52}},"type":"binary-expr","locations":[{"start":{"line":148,"column":18},"end":{"line":148,"column":33}},{"start":{"line":148,"column":37},"end":{"line":148,"column":52}}],"line":148},"2":{"loc":{"start":{"line":149,"column":18},"end":{"line":149,"column":40}},"type":"binary-expr","locations":[{"start":{"line":149,"column":18},"end":{"line":149,"column":33}},{"start":{"line":149,"column":37},"end":{"line":149,"column":40}}],"line":149},"3":{"loc":{"start":{"line":150,"column":24},"end":{"line":150,"column":70}},"type":"binary-expr","locations":[{"start":{"line":150,"column":24},"end":{"line":150,"column":45}},{"start":{"line":150,"column":49},"end":{"line":150,"column":70}}],"line":150},"4":{"loc":{"start":{"line":151,"column":18},"end":{"line":151,"column":60}},"type":"binary-expr","locations":[{"start":{"line":151,"column":18},"end":{"line":151,"column":33}},{"start":{"line":151,"column":37},"end":{"line":151,"column":60}}],"line":151},"5":{"loc":{"start":{"line":152,"column":21},"end":{"line":152,"column":61}},"type":"binary-expr","locations":[{"start":{"line":152,"column":21},"end":{"line":152,"column":39}},{"start":{"line":152,"column":43},"end":{"line":152,"column":61}}],"line":152}},"s":{"0":1,"1":1,"2":1,"3":1,"4":1,"5":1,"6":1,"7":0,"8":0,"9":0,"10":0,"11":0,"12":1,"13":0,"14":0,"15":0,"16":0,"17":0,"18":0,"19":0,"20":0,"21":1,"22":1,"23":1,"24":1,"25":0,"26":0,"27":1,"28":0,"29":0,"30":0,"31":0,"32":0,"33":0,"34":0,"35":1,"36":0,"37":0,"38":0,"39":0,"40":0,"41":0,"42":0,"43":0,"44":0,"45":0,"46":0,"47":0,"48":1,"49":1,"50":1,"51":1,"52":1,"53":1,"54":1,"55":1,"56":1,"57":1,"58":1,"59":0,"60":0,"61":1,"62":1,"63":1},"f":{"0":0,"1":0,"2":1,"3":0,"4":0,"5":1,"6":1},"b":{"0":[0,0],"1":[1,1],"2":[1,1],"3":[1,1],"4":[1,1],"5":[1,1]},"_coverageSchema":"1a1c01bbd47fc00a2c39e90264f33305004495a9","hash":"a4a9819d045bf36f2ddb59f52835eac5df679d8d"}
}
