TN:
SF:server.js
FN:10,(anonymous_0)
FN:25,(anonymous_1)
FN:59,(anonymous_2)
FN:75,(anonymous_3)
FN:106,(anonymous_4)
FN:146,(anonymous_5)
FN:178,(anonymous_6)
FNF:7
FNH:3
FNDA:0,(anonymous_0)
FNDA:0,(anonymous_1)
FNDA:1,(anonymous_2)
FNDA:0,(anonymous_3)
FNDA:0,(anonymous_4)
FNDA:1,(anonymous_5)
FNDA:1,(anonymous_6)
DA:1,1
DA:2,1
DA:3,1
DA:4,1
DA:6,1
DA:7,1
DA:10,1
DA:11,0
DA:12,0
DA:14,0
DA:19,0
DA:20,0
DA:25,1
DA:26,0
DA:27,0
DA:28,0
DA:32,0
DA:33,0
DA:43,0
DA:53,0
DA:54,0
DA:59,1
DA:60,1
DA:62,1
DA:65,1
DA:70,0
DA:71,0
DA:75,1
DA:76,0
DA:77,0
DA:80,0
DA:90,0
DA:96,0
DA:101,0
DA:102,0
DA:106,1
DA:107,0
DA:108,0
DA:111,0
DA:113,0
DA:114,0
DA:117,0
DA:123,0
DA:126,0
DA:131,0
DA:134,0
DA:139,0
DA:140,0
DA:146,1
DA:147,1
DA:148,1
DA:149,1
DA:150,1
DA:151,1
DA:152,1
DA:154,1
DA:158,1
DA:165,1
DA:170,1
DA:172,0
DA:173,0
DA:178,1
DA:179,1
DA:182,1
LF:64
LH:28
BRDA:32,0,0,0
BRDA:32,0,1,0
BRDA:148,1,0,1
BRDA:148,1,1,1
BRDA:149,2,0,1
BRDA:149,2,1,1
BRDA:150,3,0,1
BRDA:150,3,1,1
BRDA:151,4,0,1
BRDA:151,4,1,1
BRDA:152,5,0,1
BRDA:152,5,1,1
BRF:12
BRH:10
end_of_record
